S C:\Onyx_Workspace> python train_onyx.py
🧠 Loading existing weights for refinement...
🚀 Starting Sliding Micro-Drill. Data Size: 49152 bytes.
🎯 Targeting zero-error at Byte 257 transition.
Epoch 1 | Byte 0/48896 | Loss: 0.0060174991
Epoch 1 | Byte 500/48896 | Loss: 0.0020485688
Epoch 1 | Byte 1000/48896 | Loss: 0.0000933426
Epoch 1 | Byte 1500/48896 | Loss: 0.0077249529
Epoch 1 | Byte 2000/48896 | Loss: 0.0025419244
Epoch 1 | Byte 2500/48896 | Loss: 0.0112385061
Epoch 1 | Byte 3000/48896 | Loss: 0.0024768633
Epoch 1 | Byte 3500/48896 | Loss: 0.0067015220
Epoch 1 | Byte 4000/48896 | Loss: 0.0018163639
Epoch 1 | Byte 4500/48896 | Loss: 0.0025904533
Epoch 1 | Byte 5000/48896 | Loss: 0.0190620329
Epoch 1 | Byte 5500/48896 | Loss: 0.0008942942
Epoch 1 | Byte 6000/48896 | Loss: 0.0056003327
Epoch 1 | Byte 6500/48896 | Loss: 0.0024710756
Epoch 1 | Byte 7000/48896 | Loss: 0.0007030079
Epoch 1 | Byte 7500/48896 | Loss: 0.0054657799
Epoch 1 | Byte 8000/48896 | Loss: 0.0094870105
Epoch 1 | Byte 8500/48896 | Loss: 0.0043299957
Epoch 1 | Byte 9000/48896 | Loss: 0.0049124449
Epoch 1 | Byte 9500/48896 | Loss: 0.0070071849
Epoch 1 | Byte 10000/48896 | Loss: 0.0256150067
Epoch 1 | Byte 10500/48896 | Loss: 0.0161166657
Epoch 1 | Byte 11000/48896 | Loss: 0.0264886972
Epoch 1 | Byte 11500/48896 | Loss: 0.0118967015
Epoch 1 | Byte 12000/48896 | Loss: 0.0048093759
Epoch 1 | Byte 12500/48896 | Loss: 0.0003628062
Epoch 1 | Byte 13000/48896 | Loss: 0.0062400447
Epoch 1 | Byte 13500/48896 | Loss: 0.0003738019
Epoch 1 | Byte 14000/48896 | Loss: 0.0164184812
Epoch 1 | Byte 14500/48896 | Loss: 0.0130723929
Epoch 1 | Byte 15000/48896 | Loss: 0.0165135637
Epoch 1 | Byte 15500/48896 | Loss: 0.0168661177
Epoch 1 | Byte 16000/48896 | Loss: 0.0002998488
Epoch 1 | Byte 16500/48896 | Loss: 0.0125139672
Epoch 1 | Byte 17000/48896 | Loss: 0.0102266427
Epoch 1 | Byte 17500/48896 | Loss: 0.0075642150
Epoch 1 | Byte 18000/48896 | Loss: 0.0039551114
Epoch 1 | Byte 18500/48896 | Loss: 0.0014831700
Epoch 1 | Byte 19000/48896 | Loss: 0.0121930530
Epoch 1 | Byte 19500/48896 | Loss: 0.0154950339
Epoch 1 | Byte 20000/48896 | Loss: 0.0223312024
Epoch 1 | Byte 20500/48896 | Loss: 0.0135770002
Epoch 1 | Byte 21000/48896 | Loss: 0.0140798567
Epoch 1 | Byte 21500/48896 | Loss: 0.0011472548
Epoch 1 | Byte 22000/48896 | Loss: 0.0055220509
Epoch 1 | Byte 22500/48896 | Loss: 0.0039990409
Epoch 1 | Byte 23000/48896 | Loss: 0.0078788903
Epoch 1 | Byte 23500/48896 | Loss: 0.0023395284
Epoch 1 | Byte 24000/48896 | Loss: 0.0097861504
Epoch 1 | Byte 24500/48896 | Loss: 0.0029807114
Epoch 1 | Byte 25000/48896 | Loss: 0.0054787351
Epoch 1 | Byte 25500/48896 | Loss: 0.0067682392
Epoch 1 | Byte 26000/48896 | Loss: 0.0125598880
Epoch 1 | Byte 26500/48896 | Loss: 0.0126527753
Epoch 1 | Byte 27000/48896 | Loss: 0.0018415059
Epoch 1 | Byte 27500/48896 | Loss: 0.0068917349
Epoch 1 | Byte 28000/48896 | Loss: 0.0181115195
Epoch 1 | Byte 28500/48896 | Loss: 0.0011612312
Epoch 1 | Byte 29000/48896 | Loss: 0.0047250604
Epoch 1 | Byte 29500/48896 | Loss: 0.0127375582
Epoch 1 | Byte 30000/48896 | Loss: 0.0096990364
Epoch 1 | Byte 30500/48896 | Loss: 0.0023697142
Epoch 1 | Byte 31000/48896 | Loss: 0.0310606267
Epoch 1 | Byte 31500/48896 | Loss: 0.0362554230
Epoch 1 | Byte 32000/48896 | Loss: 0.0179684386
Epoch 1 | Byte 32500/48896 | Loss: 0.0214741919
Epoch 1 | Byte 33000/48896 | Loss: 0.0093297185
Epoch 1 | Byte 33500/48896 | Loss: 0.0009613996
Epoch 1 | Byte 34000/48896 | Loss: 0.0234549176
Epoch 1 | Byte 34500/48896 | Loss: 0.0183559377
Epoch 1 | Byte 35000/48896 | Loss: 0.0056035072
Epoch 1 | Byte 35500/48896 | Loss: 0.0012260552
Epoch 1 | Byte 36000/48896 | Loss: 0.0098401820
Epoch 1 | Byte 36500/48896 | Loss: 0.0159195233
Epoch 1 | Byte 37000/48896 | Loss: 0.0034449941
Epoch 1 | Byte 37500/48896 | Loss: 0.0061344639
Epoch 1 | Byte 38000/48896 | Loss: 0.0028644684
Epoch 1 | Byte 38500/48896 | Loss: 0.0115873553
Epoch 1 | Byte 39000/48896 | Loss: 0.0037638065
Epoch 1 | Byte 39500/48896 | Loss: 0.0002540245
Epoch 1 | Byte 40000/48896 | Loss: 0.0065992507
Epoch 1 | Byte 40500/48896 | Loss: 0.0032254690
Epoch 1 | Byte 41000/48896 | Loss: 0.0083033154
Epoch 1 | Byte 41500/48896 | Loss: 0.0072616991
Epoch 1 | Byte 42000/48896 | Loss: 0.0090763895
Epoch 1 | Byte 42500/48896 | Loss: 0.0004587205
Epoch 1 | Byte 43000/48896 | Loss: 0.0004142110
Epoch 1 | Byte 43500/48896 | Loss: 0.0047893277
Epoch 1 | Byte 44000/48896 | Loss: 0.0174746327
Epoch 1 | Byte 44500/48896 | Loss: 0.0003895457
Epoch 1 | Byte 45000/48896 | Loss: 0.0041285208
Epoch 1 | Byte 45500/48896 | Loss: 0.0020076851
Epoch 1 | Byte 46000/48896 | Loss: 0.0013655806
Epoch 1 | Byte 46500/48896 | Loss: 0.0077164909
Epoch 1 | Byte 47000/48896 | Loss: 0.0010863084
Epoch 1 | Byte 47500/48896 | Loss: 0.0005803461
Epoch 1 | Byte 48000/48896 | Loss: 0.0082884161
Epoch 1 | Byte 48500/48896 | Loss: 0.0009286212
💾 Sliding Pass 1 Complete. Avg Loss: 0.0084501319
Epoch 2 | Byte 0/48896 | Loss: 0.0034139778
Epoch 2 | Byte 500/48896 | Loss: 0.0007630555
Epoch 2 | Byte 1000/48896 | Loss: 0.0003969830
Epoch 2 | Byte 1500/48896 | Loss: 0.0168887805
Epoch 2 | Byte 2000/48896 | Loss: 0.0033015071
Epoch 2 | Byte 2500/48896 | Loss: 0.0098028826
Epoch 2 | Byte 3000/48896 | Loss: 0.0018855919
Epoch 2 | Byte 3500/48896 | Loss: 0.0089070667
Epoch 2 | Byte 4000/48896 | Loss: 0.0009743492
Epoch 2 | Byte 4500/48896 | Loss: 0.0007160316
Epoch 2 | Byte 5000/48896 | Loss: 0.0153146898
Epoch 2 | Byte 5500/48896 | Loss: 0.0008350449
Epoch 2 | Byte 6000/48896 | Loss: 0.0035986537
Epoch 2 | Byte 6500/48896 | Loss: 0.0005311166
Epoch 2 | Byte 7000/48896 | Loss: 0.0005672737
Epoch 2 | Byte 7500/48896 | Loss: 0.0063226614
Epoch 2 | Byte 8000/48896 | Loss: 0.0086276522
Epoch 2 | Byte 8500/48896 | Loss: 0.0029290463
Epoch 2 | Byte 9000/48896 | Loss: 0.0029420787
Epoch 2 | Byte 9500/48896 | Loss: 0.0082716458
Epoch 2 | Byte 10000/48896 | Loss: 0.0212741327
Epoch 2 | Byte 10500/48896 | Loss: 0.0091327718
Epoch 2 | Byte 11000/48896 | Loss: 0.0234024487
Epoch 2 | Byte 11500/48896 | Loss: 0.0143811284
Epoch 2 | Byte 12000/48896 | Loss: 0.0017677987
Epoch 2 | Byte 12500/48896 | Loss: 0.0005563578
Epoch 2 | Byte 13000/48896 | Loss: 0.0045624925
Epoch 2 | Byte 13500/48896 | Loss: 0.0003669224
Epoch 2 | Byte 14000/48896 | Loss: 0.0141412448
Epoch 2 | Byte 14500/48896 | Loss: 0.0097209113
Epoch 2 | Byte 15000/48896 | Loss: 0.0096051302
Epoch 2 | Byte 15500/48896 | Loss: 0.0151357744
Epoch 2 | Byte 16000/48896 | Loss: 0.0002626711
Epoch 2 | Byte 16500/48896 | Loss: 0.0090863258
Epoch 2 | Byte 17000/48896 | Loss: 0.0095397746
Epoch 2 | Byte 17500/48896 | Loss: 0.0053570447
Epoch 2 | Byte 18000/48896 | Loss: 0.0030342720
Epoch 2 | Byte 18500/48896 | Loss: 0.0010384667
Epoch 2 | Byte 19000/48896 | Loss: 0.0090165166
Epoch 2 | Byte 19500/48896 | Loss: 0.0112116169
Epoch 2 | Byte 20000/48896 | Loss: 0.0221752040
Epoch 2 | Byte 20500/48896 | Loss: 0.0114588570
Epoch 2 | Byte 21000/48896 | Loss: 0.0139420731
Epoch 2 | Byte 21500/48896 | Loss: 0.0003079724
Epoch 2 | Byte 22000/48896 | Loss: 0.0040519005
Epoch 2 | Byte 22500/48896 | Loss: 0.0028515970
Epoch 2 | Byte 23000/48896 | Loss: 0.0055656251
Epoch 2 | Byte 23500/48896 | Loss: 0.0016918472
Epoch 2 | Byte 24000/48896 | Loss: 0.0084785577
Epoch 2 | Byte 24500/48896 | Loss: 0.0030304638
Epoch 2 | Byte 25000/48896 | Loss: 0.0035375226
Epoch 2 | Byte 25500/48896 | Loss: 0.0053292830
Epoch 2 | Byte 26000/48896 | Loss: 0.0095793493
Epoch 2 | Byte 26500/48896 | Loss: 0.0109678768
Epoch 2 | Byte 27000/48896 | Loss: 0.0023120060
Epoch 2 | Byte 27500/48896 | Loss: 0.0069029597
Epoch 2 | Byte 28000/48896 | Loss: 0.0197498538
Epoch 2 | Byte 28500/48896 | Loss: 0.0010416824
Epoch 2 | Byte 29000/48896 | Loss: 0.0035891156
Epoch 2 | Byte 29500/48896 | Loss: 0.0109868832
Epoch 2 | Byte 30000/48896 | Loss: 0.0053339750
Epoch 2 | Byte 30500/48896 | Loss: 0.0021161328
Epoch 2 | Byte 31000/48896 | Loss: 0.0235249586
Epoch 2 | Byte 31500/48896 | Loss: 0.0288402624
Epoch 2 | Byte 32000/48896 | Loss: 0.0080346782
Epoch 2 | Byte 32500/48896 | Loss: 0.0197853446
Epoch 2 | Byte 33000/48896 | Loss: 0.0064713703
Epoch 2 | Byte 33500/48896 | Loss: 0.0008012294
Epoch 2 | Byte 34000/48896 | Loss: 0.0206982344
Epoch 2 | Byte 34500/48896 | Loss: 0.0157075245
Epoch 2 | Byte 35000/48896 | Loss: 0.0031093815
Epoch 2 | Byte 35500/48896 | Loss: 0.0004699344
Epoch 2 | Byte 36000/48896 | Loss: 0.0088212341
Epoch 2 | Byte 36500/48896 | Loss: 0.0154789779
Epoch 2 | Byte 37000/48896 | Loss: 0.0035420409
Epoch 2 | Byte 37500/48896 | Loss: 0.0031468354
Epoch 2 | Byte 38000/48896 | Loss: 0.0043318011
Epoch 2 | Byte 38500/48896 | Loss: 0.0094977589
Epoch 2 | Byte 39000/48896 | Loss: 0.0033897802
Epoch 2 | Byte 39500/48896 | Loss: 0.0002239758
Epoch 2 | Byte 40000/48896 | Loss: 0.0056008580
Epoch 2 | Byte 40500/48896 | Loss: 0.0026568151
Epoch 2 | Byte 41000/48896 | Loss: 0.0069643548
Epoch 2 | Byte 41500/48896 | Loss: 0.0067444989
Epoch 2 | Byte 42000/48896 | Loss: 0.0091177979
Epoch 2 | Byte 42500/48896 | Loss: 0.0007439671
Epoch 2 | Byte 43000/48896 | Loss: 0.0004360224
Epoch 2 | Byte 43500/48896 | Loss: 0.0046564052
Epoch 2 | Byte 44000/48896 | Loss: 0.0184817351
Epoch 2 | Byte 44500/48896 | Loss: 0.0003503516
Epoch 2 | Byte 45000/48896 | Loss: 0.0035129534
Epoch 2 | Byte 45500/48896 | Loss: 0.0018868959
Epoch 2 | Byte 46000/48896 | Loss: 0.0012726167
Epoch 2 | Byte 46500/48896 | Loss: 0.0082234321
Epoch 2 | Byte 47000/48896 | Loss: 0.0011762655
Epoch 2 | Byte 47500/48896 | Loss: 0.0005413613
Epoch 2 | Byte 48000/48896 | Loss: 0.0077442266
Epoch 2 | Byte 48500/48896 | Loss: 0.0009942972
💾 Sliding Pass 2 Complete. Avg Loss: 0.0071461434
Epoch 3 | Byte 0/48896 | Loss: 0.0030082569
Epoch 3 | Byte 500/48896 | Loss: 0.0005387638
Epoch 3 | Byte 1000/48896 | Loss: 0.0004987009
Epoch 3 | Byte 1500/48896 | Loss: 0.0142207528
Epoch 3 | Byte 2000/48896 | Loss: 0.0035552953
Epoch 3 | Byte 2500/48896 | Loss: 0.0090454426
Epoch 3 | Byte 3000/48896 | Loss: 0.0024410337
Epoch 3 | Byte 3500/48896 | Loss: 0.0094992379
Epoch 3 | Byte 4000/48896 | Loss: 0.0008901436
Epoch 3 | Byte 4500/48896 | Loss: 0.0004723470
Epoch 3 | Byte 5000/48896 | Loss: 0.0126167182
Epoch 3 | Byte 5500/48896 | Loss: 0.0009109504
Epoch 3 | Byte 6000/48896 | Loss: 0.0036788199
Epoch 3 | Byte 6500/48896 | Loss: 0.0003993563
Epoch 3 | Byte 7000/48896 | Loss: 0.0005122488
Epoch 3 | Byte 7500/48896 | Loss: 0.0067377058
Epoch 3 | Byte 8000/48896 | Loss: 0.0089956364
Epoch 3 | Byte 8500/48896 | Loss: 0.0023037249
Epoch 3 | Byte 9000/48896 | Loss: 0.0015956508
Epoch 3 | Byte 9500/48896 | Loss: 0.0086168228
Epoch 3 | Byte 10000/48896 | Loss: 0.0195451546
Epoch 3 | Byte 10500/48896 | Loss: 0.0061691245
Epoch 3 | Byte 11000/48896 | Loss: 0.0215738434
Epoch 3 | Byte 11500/48896 | Loss: 0.0151926400
Epoch 3 | Byte 12000/48896 | Loss: 0.0008049865
Epoch 3 | Byte 12500/48896 | Loss: 0.0006721516
Epoch 3 | Byte 13000/48896 | Loss: 0.0045269639
Epoch 3 | Byte 13500/48896 | Loss: 0.0003498025
Epoch 3 | Byte 14000/48896 | Loss: 0.0125420643
Epoch 3 | Byte 14500/48896 | Loss: 0.0083663519
Epoch 3 | Byte 15000/48896 | Loss: 0.0087779025
Epoch 3 | Byte 15500/48896 | Loss: 0.0140888188
Epoch 3 | Byte 16000/48896 | Loss: 0.0002499584
Epoch 3 | Byte 16500/48896 | Loss: 0.0070175617
Epoch 3 | Byte 17000/48896 | Loss: 0.0096636740
Epoch 3 | Byte 17500/48896 | Loss: 0.0050132265
Epoch 3 | Byte 18000/48896 | Loss: 0.0025107232
Epoch 3 | Byte 18500/48896 | Loss: 0.0008458616
Epoch 3 | Byte 19000/48896 | Loss: 0.0078684548
Epoch 3 | Byte 19500/48896 | Loss: 0.0094447648
Epoch 3 | Byte 20000/48896 | Loss: 0.0208958145
Epoch 3 | Byte 20500/48896 | Loss: 0.0093392972
Epoch 3 | Byte 21000/48896 | Loss: 0.0134023130
Epoch 3 | Byte 21500/48896 | Loss: 0.0001925036
Epoch 3 | Byte 22000/48896 | Loss: 0.0034794633
Epoch 3 | Byte 22500/48896 | Loss: 0.0025036659
Epoch 3 | Byte 23000/48896 | Loss: 0.0051041865
Epoch 3 | Byte 23500/48896 | Loss: 0.0015363207
Epoch 3 | Byte 24000/48896 | Loss: 0.0079548741
Epoch 3 | Byte 24500/48896 | Loss: 0.0030480938
Epoch 3 | Byte 25000/48896 | Loss: 0.0028597787
Epoch 3 | Byte 25500/48896 | Loss: 0.0047454317
Epoch 3 | Byte 26000/48896 | Loss: 0.0088791000
Epoch 3 | Byte 26500/48896 | Loss: 0.0101467492
Epoch 3 | Byte 27000/48896 | Loss: 0.0025571224
Epoch 3 | Byte 27500/48896 | Loss: 0.0066852504
Epoch 3 | Byte 28000/48896 | Loss: 0.0184373185
Epoch 3 | Byte 28500/48896 | Loss: 0.0008687121
Epoch 3 | Byte 29000/48896 | Loss: 0.0034337749
Epoch 3 | Byte 29500/48896 | Loss: 0.0104829073
Epoch 3 | Byte 30000/48896 | Loss: 0.0039831251
Epoch 3 | Byte 30500/48896 | Loss: 0.0022773973
Epoch 3 | Byte 31000/48896 | Loss: 0.0197175704
Epoch 3 | Byte 31500/48896 | Loss: 0.0240780022
Epoch 3 | Byte 32000/48896 | Loss: 0.0034555190
Epoch 3 | Byte 32500/48896 | Loss: 0.0187112633
Epoch 3 | Byte 33000/48896 | Loss: 0.0044859890
Epoch 3 | Byte 33500/48896 | Loss: 0.0007526825
Epoch 3 | Byte 34000/48896 | Loss: 0.0188733786
Epoch 3 | Byte 34500/48896 | Loss: 0.0145161683
Epoch 3 | Byte 35000/48896 | Loss: 0.0023545451
Epoch 3 | Byte 35500/48896 | Loss: 0.0002926048
Epoch 3 | Byte 36000/48896 | Loss: 0.0080105243
Epoch 3 | Byte 36500/48896 | Loss: 0.0158379003
Epoch 3 | Byte 37000/48896 | Loss: 0.0032347944
Epoch 3 | Byte 37500/48896 | Loss: 0.0024159991
Epoch 3 | Byte 38000/48896 | Loss: 0.0049676835
Epoch 3 | Byte 38500/48896 | Loss: 0.0081588384
Epoch 3 | Byte 39000/48896 | Loss: 0.0030232177
Epoch 3 | Byte 39500/48896 | Loss: 0.0002159662
Epoch 3 | Byte 40000/48896 | Loss: 0.0051368442
Epoch 3 | Byte 40500/48896 | Loss: 0.0021725537
Epoch 3 | Byte 41000/48896 | Loss: 0.0062006791
Epoch 3 | Byte 41500/48896 | Loss: 0.0059719970
Epoch 3 | Byte 42000/48896 | Loss: 0.0086223260
Epoch 3 | Byte 42500/48896 | Loss: 0.0009640607
Epoch 3 | Byte 43000/48896 | Loss: 0.0004175150
Epoch 3 | Byte 43500/48896 | Loss: 0.0044794097
Epoch 3 | Byte 44000/48896 | Loss: 0.0191092268
Epoch 3 | Byte 44500/48896 | Loss: 0.0002746822
Epoch 3 | Byte 45000/48896 | Loss: 0.0034680157
Epoch 3 | Byte 45500/48896 | Loss: 0.0018005446
Epoch 3 | Byte 46000/48896 | Loss: 0.0011971085
Epoch 3 | Byte 46500/48896 | Loss: 0.0085119987
Epoch 3 | Byte 47000/48896 | Loss: 0.0012176833
Epoch 3 | Byte 47500/48896 | Loss: 0.0005205768
Epoch 3 | Byte 48000/48896 | Loss: 0.0071346355
Epoch 3 | Byte 48500/48896 | Loss: 0.0010443851
💾 Sliding Pass 3 Complete. Avg Loss: 0.0066061980
Epoch 4 | Byte 0/48896 | Loss: 0.0030760414
Epoch 4 | Byte 500/48896 | Loss: 0.0004819245
Epoch 4 | Byte 1000/48896 | Loss: 0.0003747465
Epoch 4 | Byte 1500/48896 | Loss: 0.0112952702
Epoch 4 | Byte 2000/48896 | Loss: 0.0033788471
Epoch 4 | Byte 2500/48896 | Loss: 0.0084456336
Epoch 4 | Byte 3000/48896 | Loss: 0.0026817338
Epoch 4 | Byte 3500/48896 | Loss: 0.0095945643
Epoch 4 | Byte 4000/48896 | Loss: 0.0009164459
Epoch 4 | Byte 4500/48896 | Loss: 0.0003892638
Epoch 4 | Byte 5000/48896 | Loss: 0.0108173518
Epoch 4 | Byte 5500/48896 | Loss: 0.0009573789
Epoch 4 | Byte 6000/48896 | Loss: 0.0038683866
Epoch 4 | Byte 6500/48896 | Loss: 0.0003544947
Epoch 4 | Byte 7000/48896 | Loss: 0.0005073651
Epoch 4 | Byte 7500/48896 | Loss: 0.0069663543
Epoch 4 | Byte 8000/48896 | Loss: 0.0094422819
Epoch 4 | Byte 8500/48896 | Loss: 0.0017320954
Epoch 4 | Byte 9000/48896 | Loss: 0.0010562914
Epoch 4 | Byte 9500/48896 | Loss: 0.0085532842
Epoch 4 | Byte 10000/48896 | Loss: 0.0184611492
Epoch 4 | Byte 10500/48896 | Loss: 0.0049267253
Epoch 4 | Byte 11000/48896 | Loss: 0.0204261430
Epoch 4 | Byte 11500/48896 | Loss: 0.0154463509
Epoch 4 | Byte 12000/48896 | Loss: 0.0005265597
Epoch 4 | Byte 12500/48896 | Loss: 0.0007601501
Epoch 4 | Byte 13000/48896 | Loss: 0.0044247261
Epoch 4 | Byte 13500/48896 | Loss: 0.0003307582
Epoch 4 | Byte 14000/48896 | Loss: 0.0113612404
Epoch 4 | Byte 14500/48896 | Loss: 0.0078842547
Epoch 4 | Byte 15000/48896 | Loss: 0.0082918042
Epoch 4 | Byte 15500/48896 | Loss: 0.0132569578
Epoch 4 | Byte 16000/48896 | Loss: 0.0002438433
Epoch 4 | Byte 16500/48896 | Loss: 0.0060957298
Epoch 4 | Byte 17000/48896 | Loss: 0.0096458709
Epoch 4 | Byte 17500/48896 | Loss: 0.0050465502
Epoch 4 | Byte 18000/48896 | Loss: 0.0022260672
Epoch 4 | Byte 18500/48896 | Loss: 0.0007386599
Epoch 4 | Byte 19000/48896 | Loss: 0.0071673254
Epoch 4 | Byte 19500/48896 | Loss: 0.0084663909
Epoch 4 | Byte 20000/48896 | Loss: 0.0199091043
Epoch 4 | Byte 20500/48896 | Loss: 0.0079255458
Epoch 4 | Byte 21000/48896 | Loss: 0.0128669562
Epoch 4 | Byte 21500/48896 | Loss: 0.0001572387
Epoch 4 | Byte 22000/48896 | Loss: 0.0031073848
Epoch 4 | Byte 22500/48896 | Loss: 0.0023506335
Epoch 4 | Byte 23000/48896 | Loss: 0.0047898921
Epoch 4 | Byte 23500/48896 | Loss: 0.0014820314
Epoch 4 | Byte 24000/48896 | Loss: 0.0077938386
Epoch 4 | Byte 24500/48896 | Loss: 0.0030017970
Epoch 4 | Byte 25000/48896 | Loss: 0.0025211424
Epoch 4 | Byte 25500/48896 | Loss: 0.0042776796
Epoch 4 | Byte 26000/48896 | Loss: 0.0085814549
Epoch 4 | Byte 26500/48896 | Loss: 0.0098107299
Epoch 4 | Byte 27000/48896 | Loss: 0.0025511952
Epoch 4 | Byte 27500/48896 | Loss: 0.0063095111
Epoch 4 | Byte 28000/48896 | Loss: 0.0169193652
Epoch 4 | Byte 28500/48896 | Loss: 0.0007447574
Epoch 4 | Byte 29000/48896 | Loss: 0.0033710732
Epoch 4 | Byte 29500/48896 | Loss: 0.0102468235
Epoch 4 | Byte 30000/48896 | Loss: 0.0032745723
Epoch 4 | Byte 30500/48896 | Loss: 0.0024327913
Epoch 4 | Byte 31000/48896 | Loss: 0.0172970314
Epoch 4 | Byte 31500/48896 | Loss: 0.0209204834
Epoch 4 | Byte 32000/48896 | Loss: 0.0016571174
Epoch 4 | Byte 32500/48896 | Loss: 0.0176805779
Epoch 4 | Byte 33000/48896 | Loss: 0.0033579769
Epoch 4 | Byte 33500/48896 | Loss: 0.0007217766
Epoch 4 | Byte 34500/48896 | Loss: 0.0138463583
Epoch 4 | Byte 35000/48896 | Loss: 0.0020204680
Epoch 4 | Byte 35500/48896 | Loss: 0.0002232677
Epoch 4 | Byte 36000/48896 | Loss: 0.0072800983
Epoch 4 | Byte 36500/48896 | Loss: 0.0163276754
Epoch 4 | Byte 37000/48896 | Loss: 0.0028539281
Epoch 4 | Byte 37500/48896 | Loss: 0.0020908504
Epoch 4 | Byte 38000/48896 | Loss: 0.0051882765
Epoch 4 | Byte 38500/48896 | Loss: 0.0072910567
Epoch 4 | Byte 39000/48896 | Loss: 0.0027533744
Epoch 4 | Byte 39500/48896 | Loss: 0.0002088800
Epoch 4 | Byte 40000/48896 | Loss: 0.0047612288
Epoch 4 | Byte 41000/48896 | Loss: 0.0056813625
Epoch 4 | Byte 41500/48896 | Loss: 0.0053175688
Epoch 4 | Byte 42000/48896 | Loss: 0.0080011897
Epoch 4 | Byte 42500/48896 | Loss: 0.0010714758
Epoch 4 | Byte 43000/48896 | Loss: 0.0004068004
Epoch 4 | Byte 43500/48896 | Loss: 0.0043629007
Epoch 4 | Byte 44000/48896 | Loss: 0.0194563437
Epoch 4 | Byte 44500/48896 | Loss: 0.0002222792
Epoch 4 | Byte 45000/48896 | Loss: 0.0034227734
Epoch 4 | Byte 45500/48896 | Loss: 0.0017304923
Epoch 4 | Byte 46000/48896 | Loss: 0.0011450598
Epoch 4 | Byte 46500/48896 | Loss: 0.0085951472
Epoch 4 | Byte 47000/48896 | Loss: 0.0012600952
Epoch 4 | Byte 47500/48896 | Loss: 0.0005054919
Epoch 4 | Byte 48000/48896 | Loss: 0.0066226455
Epoch 4 | Byte 48500/48896 | Loss: 0.0011143488
💾 Sliding Pass 4 Complete. Avg Loss: 0.0062444782